<?xml version="1.0" encoding="UTF-8"?>
<!-- Generated by org.testng.reporters.JUnitReportReporter -->
<testsuite hostname="auy-lt-083" name="tests.MercadoLibreTest" tests="1" failures="0" timestamp="6 Apr 2016 18:40:18 GMT" time="9.949" errors="0">
  <testcase name="testLoginAdmin" time="9.949" classname="tests.MercadoLibreTest"/>
</testsuite> <!-- tests.MercadoLibreTest -->
