<?xml version="1.0" encoding="UTF-8"?>
<!-- Generated by org.testng.reporters.JUnitReportReporter -->
<testsuite hostname="auy-lt-083" name="tests.MercadoLibreTest" tests="1" failures="0" timestamp="6 Apr 2016 19:16:33 GMT" time="10.982" errors="0">
  <testcase name="testLoginAdmin" time="10.982" classname="tests.MercadoLibreTest"/>
</testsuite> <!-- tests.MercadoLibreTest -->
